{"time": "2024-12-29T22:49:08.587486Z", "level": "INFO", "message": "Starting Spark and creating SparkSession...", "name": "root", "module": "main", "filename": "main.py", "lineno": 101, "funcName": "main"}
{"time": "2024-12-29T22:49:15.536822Z", "level": "INFO", "message": "SparkSession created successfully", "name": "root", "module": "main", "filename": "main.py", "lineno": 103, "funcName": "main"}
{"time": "2024-12-29T22:49:15.538485Z", "level": "INFO", "message": "Reading CSV file data/input/data.csv...", "name": "root", "module": "main", "filename": "main.py", "lineno": 109, "funcName": "main"}
{"time": "2024-12-29T22:49:25.585919Z", "level": "INFO", "message": "Displaying first 5 rows of data...", "name": "root", "module": "main", "filename": "main.py", "lineno": 113, "funcName": "main"}
{"time": "2024-12-29T22:49:26.183667Z", "level": "INFO", "message": "Performing some basic operations...", "name": "root", "module": "main", "filename": "main.py", "lineno": 117, "funcName": "main"}
{"time": "2024-12-29T22:49:26.184013Z", "level": "INFO", "message": "Filtering data by age2 with threshold 20", "name": "root", "module": "main", "filename": "main.py", "lineno": 85, "funcName": "filter_data"}
{"time": "2024-12-29T22:49:26.716868Z", "level": "INFO", "message": "Finished filtering data: filtered data with age2 >= 20", "name": "root", "module": "main", "filename": "main.py", "lineno": 92, "funcName": "filter_data"}
{"time": "2024-12-29T22:49:27.000312Z", "level": "INFO", "message": "Processing data using Spark SQL...", "name": "root", "module": "main", "filename": "main.py", "lineno": 122, "funcName": "main"}
{"time": "2024-12-29T22:49:27.000750Z", "level": "INFO", "message": "Processing data using Spark SQL: create a temporary view 'temp_view' for SQL queries.", "name": "root", "module": "main", "filename": "main.py", "lineno": 69, "funcName": "process_data"}
{"time": "2024-12-29T22:49:27.066460Z", "level": "INFO", "message": "Processing data using Spark SQL: select sum(age1+age2) as new_age, count(*) as count from temp_view where age2 >= 20.", "name": "root", "module": "main", "filename": "main.py", "lineno": 71, "funcName": "process_data"}
{"time": "2024-12-29T22:49:27.239084Z", "level": "INFO", "message": "Processing data using Spark SQL: write the result to data/output/output.csv.", "name": "root", "module": "main", "filename": "main.py", "lineno": 79, "funcName": "process_data"}
{"time": "2024-12-29T22:49:28.746064Z", "level": "INFO", "message": "Finished processing data. ", "name": "root", "module": "main", "filename": "main.py", "lineno": 81, "funcName": "process_data"}
{"time": "2024-12-29T22:49:28.746388Z", "level": "INFO", "message": "Stopping SparkSession...", "name": "root", "module": "main", "filename": "main.py", "lineno": 131, "funcName": "main"}
{"time": "2024-12-29T22:49:29.281730Z", "level": "INFO", "message": "Finished processing data", "name": "root", "module": "main", "filename": "main.py", "lineno": 133, "funcName": "main"}
{"time": "2024-12-29T22:54:47.433308Z", "level": "INFO", "message": "Starting Spark and creating SparkSession...", "name": "root", "module": "main", "filename": "main.py", "lineno": 101, "funcName": "main"}
{"time": "2024-12-29T22:54:54.375449Z", "level": "INFO", "message": "SparkSession created successfully", "name": "root", "module": "main", "filename": "main.py", "lineno": 103, "funcName": "main"}
{"time": "2024-12-29T22:54:54.375826Z", "level": "INFO", "message": "Reading CSV file data/input/data.csv...", "name": "root", "module": "main", "filename": "main.py", "lineno": 109, "funcName": "main"}
{"time": "2024-12-29T22:55:04.521243Z", "level": "INFO", "message": "Displaying first 5 rows of data...", "name": "root", "module": "main", "filename": "main.py", "lineno": 113, "funcName": "main"}
{"time": "2024-12-29T22:55:05.154202Z", "level": "INFO", "message": "Performing some basic operations...", "name": "root", "module": "main", "filename": "main.py", "lineno": 117, "funcName": "main"}
{"time": "2024-12-29T22:55:05.154519Z", "level": "INFO", "message": "Filtering data by age2 with threshold 20", "name": "root", "module": "main", "filename": "main.py", "lineno": 85, "funcName": "filter_data"}
{"time": "2024-12-29T22:55:05.749687Z", "level": "INFO", "message": "Finished filtering data: filtered data with age2 >= 20", "name": "root", "module": "main", "filename": "main.py", "lineno": 92, "funcName": "filter_data"}
{"time": "2024-12-29T22:55:06.105658Z", "level": "INFO", "message": "Processing data using Spark SQL...", "name": "root", "module": "main", "filename": "main.py", "lineno": 122, "funcName": "main"}
{"time": "2024-12-29T22:55:06.106257Z", "level": "INFO", "message": "Processing data using Spark SQL: create a temporary view 'temp_view' for SQL queries.", "name": "root", "module": "main", "filename": "main.py", "lineno": 69, "funcName": "process_data"}
{"time": "2024-12-29T22:55:06.175706Z", "level": "INFO", "message": "Processing data using Spark SQL: select sum(age1+age2) as new_age, count(*) as count from temp_view where age2 >= 20.", "name": "root", "module": "main", "filename": "main.py", "lineno": 71, "funcName": "process_data"}
{"time": "2024-12-29T22:55:06.510279Z", "level": "INFO", "message": "Processing data using Spark SQL: write the result to data/output/output.csv.", "name": "root", "module": "main", "filename": "main.py", "lineno": 79, "funcName": "process_data"}
{"time": "2024-12-29T22:55:07.963395Z", "level": "INFO", "message": "Finished processing data. ", "name": "root", "module": "main", "filename": "main.py", "lineno": 81, "funcName": "process_data"}
{"time": "2024-12-29T22:55:07.963725Z", "level": "INFO", "message": "Stopping SparkSession...", "name": "root", "module": "main", "filename": "main.py", "lineno": 131, "funcName": "main"}
{"time": "2024-12-29T22:55:08.074759Z", "level": "INFO", "message": "Finished processing data", "name": "root", "module": "main", "filename": "main.py", "lineno": 133, "funcName": "main"}
{"time": "2024-12-29T22:57:15.014685Z", "level": "INFO", "message": "Starting Spark and creating SparkSession...", "name": "root", "module": "main", "filename": "main.py", "lineno": 101, "funcName": "main"}
{"time": "2024-12-29T22:57:26.446543Z", "level": "INFO", "message": "SparkSession created successfully", "name": "root", "module": "main", "filename": "main.py", "lineno": 103, "funcName": "main"}
{"time": "2024-12-29T22:57:26.448230Z", "level": "INFO", "message": "Reading CSV file data/input/data.csv...", "name": "root", "module": "main", "filename": "main.py", "lineno": 109, "funcName": "main"}
{"time": "2024-12-29T22:57:41.067844Z", "level": "INFO", "message": "Displaying first 5 rows of data...", "name": "root", "module": "main", "filename": "main.py", "lineno": 113, "funcName": "main"}
{"time": "2024-12-29T22:57:41.628599Z", "level": "INFO", "message": "Performing some basic operations...", "name": "root", "module": "main", "filename": "main.py", "lineno": 117, "funcName": "main"}
{"time": "2024-12-29T22:57:41.628970Z", "level": "INFO", "message": "Filtering data by age2 with threshold 20", "name": "root", "module": "main", "filename": "main.py", "lineno": 85, "funcName": "filter_data"}
{"time": "2024-12-29T22:57:42.189718Z", "level": "INFO", "message": "Finished filtering data: filtered data with age2 >= 20", "name": "root", "module": "main", "filename": "main.py", "lineno": 92, "funcName": "filter_data"}
{"time": "2024-12-29T22:57:42.530705Z", "level": "INFO", "message": "Processing data using Spark SQL...", "name": "root", "module": "main", "filename": "main.py", "lineno": 122, "funcName": "main"}
{"time": "2024-12-29T22:57:42.531926Z", "level": "INFO", "message": "Processing data using Spark SQL: create a temporary view 'temp_view' for SQL queries.", "name": "root", "module": "main", "filename": "main.py", "lineno": 69, "funcName": "process_data"}
{"time": "2024-12-29T22:57:42.631000Z", "level": "INFO", "message": "Processing data using Spark SQL: select sum(age1+age2) as new_age, count(*) as count from temp_view where age2 >= 20.", "name": "root", "module": "main", "filename": "main.py", "lineno": 71, "funcName": "process_data"}
{"time": "2024-12-29T22:57:42.852106Z", "level": "INFO", "message": "Processing data using Spark SQL: write the result to data/output/output.csv.", "name": "root", "module": "main", "filename": "main.py", "lineno": 79, "funcName": "process_data"}
{"time": "2024-12-29T22:57:45.632299Z", "level": "INFO", "message": "Finished processing data. ", "name": "root", "module": "main", "filename": "main.py", "lineno": 81, "funcName": "process_data"}
{"time": "2024-12-29T22:57:45.632615Z", "level": "INFO", "message": "Stopping SparkSession...", "name": "root", "module": "main", "filename": "main.py", "lineno": 131, "funcName": "main"}
{"time": "2024-12-29T22:57:46.055363Z", "level": "INFO", "message": "Finished processing data", "name": "root", "module": "main", "filename": "main.py", "lineno": 133, "funcName": "main"}
{"time": "2024-12-29T22:58:22.657330Z", "level": "INFO", "message": "Starting Spark and creating SparkSession...", "name": "root", "module": "main", "filename": "main.py", "lineno": 101, "funcName": "main"}
{"time": "2024-12-29T22:58:29.947784Z", "level": "INFO", "message": "SparkSession created successfully", "name": "root", "module": "main", "filename": "main.py", "lineno": 103, "funcName": "main"}
{"time": "2024-12-29T22:58:29.948109Z", "level": "INFO", "message": "Reading CSV file data/input/data.csv...", "name": "root", "module": "main", "filename": "main.py", "lineno": 109, "funcName": "main"}
{"time": "2024-12-29T22:58:40.148530Z", "level": "INFO", "message": "Displaying first 5 rows of data...", "name": "root", "module": "main", "filename": "main.py", "lineno": 113, "funcName": "main"}
{"time": "2024-12-29T22:58:40.762921Z", "level": "INFO", "message": "Performing some basic operations...", "name": "root", "module": "main", "filename": "main.py", "lineno": 117, "funcName": "main"}
{"time": "2024-12-29T22:58:40.763300Z", "level": "INFO", "message": "Filtering data by age2 with threshold 20", "name": "root", "module": "main", "filename": "main.py", "lineno": 85, "funcName": "filter_data"}
{"time": "2024-12-29T22:58:41.310466Z", "level": "INFO", "message": "Finished filtering data: filtered data with age2 >= 20", "name": "root", "module": "main", "filename": "main.py", "lineno": 92, "funcName": "filter_data"}
{"time": "2024-12-29T22:58:41.634429Z", "level": "INFO", "message": "Processing data using Spark SQL...", "name": "root", "module": "main", "filename": "main.py", "lineno": 122, "funcName": "main"}
{"time": "2024-12-29T22:58:41.635146Z", "level": "INFO", "message": "Processing data using Spark SQL: create a temporary view 'temp_view' for SQL queries.", "name": "root", "module": "main", "filename": "main.py", "lineno": 69, "funcName": "process_data"}
{"time": "2024-12-29T22:58:41.690120Z", "level": "INFO", "message": "Processing data using Spark SQL: select sum(age1+age2) as new_age, count(*) as count from temp_view where age2 >= 20.", "name": "root", "module": "main", "filename": "main.py", "lineno": 71, "funcName": "process_data"}
{"time": "2024-12-29T22:58:41.854723Z", "level": "INFO", "message": "Processing data using Spark SQL: write the result to data/output/output.csv.", "name": "root", "module": "main", "filename": "main.py", "lineno": 79, "funcName": "process_data"}
{"time": "2024-12-29T22:58:43.068166Z", "level": "INFO", "message": "Finished processing data. ", "name": "root", "module": "main", "filename": "main.py", "lineno": 81, "funcName": "process_data"}
{"time": "2024-12-29T22:58:43.068586Z", "level": "INFO", "message": "Stopping SparkSession...", "name": "root", "module": "main", "filename": "main.py", "lineno": 131, "funcName": "main"}
{"time": "2024-12-29T22:58:43.655003Z", "level": "INFO", "message": "Finished processing data", "name": "root", "module": "main", "filename": "main.py", "lineno": 133, "funcName": "main"}
{"time": "2024-12-29T23:01:50.410306Z", "level": "INFO", "message": "Starting Spark and creating SparkSession...", "name": "root", "module": "main", "filename": "main.py", "lineno": 135, "funcName": "main"}
{"time": "2024-12-29T23:02:00.385466Z", "level": "INFO", "message": "SparkSession created successfully", "name": "root", "module": "main", "filename": "main.py", "lineno": 137, "funcName": "main"}
{"time": "2024-12-29T23:02:00.386962Z", "level": "INFO", "message": "Reading CSV file data/input/data.csv...", "name": "root", "module": "main", "filename": "main.py", "lineno": 143, "funcName": "main"}
{"time": "2024-12-29T23:02:12.631470Z", "level": "INFO", "message": "Displaying first 5 rows of data...", "name": "root", "module": "main", "filename": "main.py", "lineno": 147, "funcName": "main"}
{"time": "2024-12-29T23:02:13.233515Z", "level": "INFO", "message": "Performing some basic operations...", "name": "root", "module": "main", "filename": "main.py", "lineno": 151, "funcName": "main"}
{"time": "2024-12-29T23:02:13.233971Z", "level": "INFO", "message": "Filtering data by age2 with threshold 20", "name": "root", "module": "main", "filename": "main.py", "lineno": 116, "funcName": "filter_data"}
{"time": "2024-12-29T23:02:13.847882Z", "level": "INFO", "message": "Finished filtering data: filtered data with age2 >= 20", "name": "root", "module": "main", "filename": "main.py", "lineno": 123, "funcName": "filter_data"}
{"time": "2024-12-29T23:02:14.188248Z", "level": "INFO", "message": "Processing data using Spark SQL...", "name": "root", "module": "main", "filename": "main.py", "lineno": 156, "funcName": "main"}
{"time": "2024-12-29T23:02:14.188807Z", "level": "INFO", "message": "Processing data using Spark SQL: create a temporary view 'temp_view' for SQL queries.", "name": "root", "module": "main", "filename": "main.py", "lineno": 93, "funcName": "process_data"}
{"time": "2024-12-29T23:02:14.270449Z", "level": "INFO", "message": "Processing data using Spark SQL: select sum(age1+age2) as new_age, count(*) as count from temp_view where age2 >= 20.", "name": "root", "module": "main", "filename": "main.py", "lineno": 95, "funcName": "process_data"}
{"time": "2024-12-29T23:02:14.471258Z", "level": "INFO", "message": "Processing data using Spark SQL: write the result to data/output/output.csv.", "name": "root", "module": "main", "filename": "main.py", "lineno": 103, "funcName": "process_data"}
{"time": "2024-12-29T23:02:15.918292Z", "level": "INFO", "message": "Finished processing data. ", "name": "root", "module": "main", "filename": "main.py", "lineno": 105, "funcName": "process_data"}
{"time": "2024-12-29T23:02:15.918574Z", "level": "INFO", "message": "Stopping SparkSession...", "name": "root", "module": "main", "filename": "main.py", "lineno": 165, "funcName": "main"}
{"time": "2024-12-29T23:02:16.057301Z", "level": "INFO", "message": "Finished processing data", "name": "root", "module": "main", "filename": "main.py", "lineno": 167, "funcName": "main"}
